2015-01-01T19:20:07.383Z - debug: 127.0.0.1 - there's no place like home
2015-01-01T19:20:07.384Z - error: 127.0.0.1 - there's no place like home
2015-01-01T19:22:23.536Z - debug: debug 127.0.0.1 - there's no place like home
2015-01-01T19:22:23.537Z - error: error 127.0.0.1 - there's no place like home
2015-01-01T19:22:47.708Z - debug: debug 127.0.0.1 - there's no place like home
2015-01-01T19:22:47.709Z - error: error 127.0.0.1 - there's no place like home
2015-01-01T19:23:01.593Z - debug: debug 127.0.0.1 - there's no place like home
2015-01-01T19:23:01.594Z - error: error 127.0.0.1 - there's no place like home
2015-01-01T19:23:54.449Z - debug: debug 127.0.0.1 - there's no place like home
2015-01-01T19:23:54.450Z - info: info 127.0.0.1 - there's no place like home
2015-01-01T19:23:54.450Z - warn: warn 127.0.0.1 - there's no place like home
2015-01-01T19:23:54.450Z - error: error 127.0.0.1 - there's no place like home
2015-01-01T19:23:54.457Z - info: Express server listening on port 3000
2015-01-01T19:24:17.536Z - info: Express server listening on port 3000
2015-01-01T19:24:30.408Z - info: Express server listening on port 3000
2015-01-01T19:25:30.314Z - debug: starting up
2015-01-01T19:25:30.315Z - info: starting up
2015-01-01T19:25:30.315Z - warn: starting up
2015-01-01T19:25:30.315Z - error: starting up
2015-01-01T19:25:30.322Z - info: Express server listening on port 3000
2015-01-01T19:25:44.036Z - debug: starting up
2015-01-01T19:25:44.037Z - info: starting up
2015-01-01T19:25:44.037Z - warn: starting up
2015-01-01T19:25:44.037Z - error: starting up
2015-01-01T19:25:44.048Z - info: Express server listening on port 3000
2015-01-03T17:37:13.396Z - debug: starting up
2015-01-03T17:37:13.396Z - info: starting up
2015-01-03T17:37:13.396Z - warn: starting up
2015-01-03T17:37:13.396Z - error: starting up
2015-01-03T17:37:32.494Z - info: Express server listening on port 3000
2015-01-03T17:37:53.034Z - debug: starting up
2015-01-03T17:37:53.035Z - info: starting up
2015-01-03T17:37:53.035Z - warn: starting up
2015-01-03T17:37:53.035Z - error: starting up
2015-01-03T17:37:53.081Z - info: Express server listening on port 3000
2015-01-03T17:39:47.037Z - debug: starting up
2015-01-03T17:39:47.037Z - info: starting up
2015-01-03T17:39:47.037Z - warn: starting up
2015-01-03T17:39:47.037Z - error: starting up
2015-01-03T17:39:47.085Z - info: Express server listening on port 3000
2015-01-03T17:41:01.053Z - debug: starting up
2015-01-03T17:41:01.053Z - info: starting up
2015-01-03T17:41:01.054Z - warn: starting up
2015-01-03T17:41:01.054Z - error: starting up
2015-01-03T17:41:01.093Z - info: Express server listening on port 3000
2015-01-03T17:42:22.226Z - debug: starting up
2015-01-03T17:42:22.229Z - info: starting up
2015-01-03T17:42:22.229Z - warn: starting up
2015-01-03T17:42:22.229Z - error: starting up
2015-01-03T17:42:22.280Z - info: Express server listening on port 3000
2015-01-03T17:45:10.282Z - debug: starting up
2015-01-03T17:45:10.282Z - info: starting up
2015-01-03T17:45:10.282Z - warn: starting up
2015-01-03T17:45:10.282Z - error: starting up
2015-01-03T17:45:10.312Z - info: Express server listening on port 3000
2015-01-03T17:47:15.934Z - debug: starting up
2015-01-03T17:47:15.935Z - info: starting up
2015-01-03T17:47:15.935Z - warn: starting up
2015-01-03T17:47:15.935Z - error: starting up
2015-01-03T17:47:15.969Z - info: Express server listening on port 3000
2015-01-03T17:48:57.457Z - debug: starting up
2015-01-03T17:48:57.457Z - info: starting up
2015-01-03T17:48:57.457Z - warn: starting up
2015-01-03T17:48:57.457Z - error: starting up
2015-01-03T17:48:57.491Z - info: Express server listening on port 3000
2015-01-03T17:49:31.041Z - debug: starting up
2015-01-03T17:49:31.042Z - info: starting up
2015-01-03T17:49:31.042Z - warn: starting up
2015-01-03T17:49:31.042Z - error: starting up
2015-01-03T17:49:31.077Z - info: Express server listening on port 3000
